C:\Program Files (x86)\Microsoft Visual Studio\2019\Community\MSBuild\Microsoft\VC\v150\Platforms\Win32\PlatformToolsets\v141_xp\Toolset.targets(39,5): warning MSB8051: Support for targeting Windows XP is deprecated and will not be present in future releases of Visual Studio. Please see https://go.microsoft.com/fwlink/?linkid=2023588 for more information.
  pch.cpp
  al_race.cpp
g:\github\dreamcastchao\dcchao\al_race.h(42): warning C4359: 'TaskCommunication': Alignment specifier is less than actual alignment (4), and will be ignored.
g:\github\dreamcastchao\dcchao\al_race.cpp(87): warning C4244: '=': conversion from 'double' to 'float', possible loss of data
g:\github\dreamcastchao\dcchao\al_race.cpp(88): warning C4244: '=': conversion from 'double' to 'Float', possible loss of data
g:\github\dreamcastchao\dcchao\al_race.cpp(89): warning C4244: '=': conversion from 'double' to 'Float', possible loss of data
g:\github\dreamcastchao\dcchao\al_race.cpp(92): warning C4244: '=': conversion from 'double' to 'Float', possible loss of data
g:\github\dreamcastchao\dcchao\al_race.cpp(93): warning C4244: '=': conversion from 'double' to 'Float', possible loss of data
g:\github\dreamcastchao\dcchao\al_race.cpp(95): warning C4244: '=': conversion from 'double' to 'int', possible loss of data
g:\github\dreamcastchao\dcchao\al_race.cpp(136): warning C4244: '=': conversion from 'double' to 'Float', possible loss of data
g:\github\dreamcastchao\dcchao\al_race.cpp(137): warning C4244: '=': conversion from 'double' to 'Float', possible loss of data
g:\github\dreamcastchao\dcchao\al_race.cpp(154): warning C4244: '=': conversion from 'double' to 'char', possible loss of data
g:\github\dreamcastchao\dcchao\al_race.cpp(157): warning C4244: '=': conversion from 'double' to 'float', possible loss of data
g:\github\dreamcastchao\dcchao\al_race.cpp(158): warning C4244: '=': conversion from 'double' to 'float', possible loss of data
g:\github\dreamcastchao\dcchao\al_race.cpp(187): warning C4305: '=': truncation from 'double' to 'float'
  al_shape_basic.cpp
g:\github\dreamcastchao\dcchao\al_shape_basic.cpp(378): warning C4244: 'initializing': conversion from 'unsigned __int64' to 'float', possible loss of data
g:\github\dreamcastchao\dcchao\al_shape_basic.cpp(380): warning C4244: '=': conversion from 'unsigned __int64' to 'Uint8', possible loss of data
g:\github\dreamcastchao\dcchao\al_shape_basic.cpp(383): warning C4244: '=': conversion from 'unsigned __int64' to 'float', possible loss of data
g:\github\dreamcastchao\dcchao\al_shape_basic.cpp(385): warning C4244: '=': conversion from 'unsigned __int64' to 'Uint8', possible loss of data
g:\github\dreamcastchao\dcchao\al_shape_basic.cpp(388): warning C4244: '=': conversion from 'unsigned __int64' to 'float', possible loss of data
g:\github\dreamcastchao\dcchao\al_shape_basic.cpp(390): warning C4244: '=': conversion from 'unsigned __int64' to 'Uint8', possible loss of data
g:\github\dreamcastchao\dcchao\al_shape_basic.cpp(423): warning C4244: '=': conversion from 'double' to 'Angle', possible loss of data
g:\github\dreamcastchao\dcchao\al_shape_basic.cpp(433): warning C4244: '=': conversion from 'double' to 'Angle', possible loss of data
g:\github\dreamcastchao\dcchao\al_shape_basic.cpp(443): warning C4244: '=': conversion from 'double' to 'Angle', possible loss of data
g:\github\dreamcastchao\dcchao\al_shape_basic.cpp(462): warning C4244: '=': conversion from 'short' to 'char', possible loss of data
g:\github\dreamcastchao\dcchao\al_shape_basic.cpp(579): warning C4244: '=': conversion from 'double' to 'float', possible loss of data
g:\github\dreamcastchao\dcchao\al_shape_basic.cpp(580): warning C4244: '=': conversion from 'double' to 'float', possible loss of data
g:\github\dreamcastchao\dcchao\al_shape_basic.cpp(629): warning C4244: '=': conversion from 'double' to 'float', possible loss of data
g:\github\dreamcastchao\dcchao\al_shape_basic.cpp(630): warning C4244: '=': conversion from 'double' to 'float', possible loss of data
  dllmain.cpp
  dreamcast.cpp
g:\github\dreamcastchao\dcchao\data\flower1.h(239): warning C4838: conversion from 'int' to 'Uint32' requires a narrowing conversion
g:\github\dreamcastchao\dcchao\data\flower1.h(261): warning C4838: conversion from 'unsigned int' to 'Sint16' requires a narrowing conversion
g:\github\dreamcastchao\dcchao\data\flower2.h(17): warning C4838: conversion from 'int' to 'Uint32' requires a narrowing conversion
g:\github\dreamcastchao\dcchao\data\drumdc.h(19): warning C4838: conversion from 'int' to 'Uint32' requires a narrowing conversion
g:\github\dreamcastchao\dcchao\data\drumdc.h(28): warning C4838: conversion from 'unsigned int' to 'Sint16' requires a narrowing conversion
g:\github\dreamcastchao\dcchao\data\drumstickdc.h(18): warning C4838: conversion from 'int' to 'Uint32' requires a narrowing conversion
g:\github\dreamcastchao\dcchao\data\drumstickdc.h(23): warning C4838: conversion from 'unsigned int' to 'Sint16' requires a narrowing conversion
g:\github\dreamcastchao\dcchao\data\drumstickdc.h(31): warning C4838: conversion from 'unsigned int' to 'Sint16' requires a narrowing conversion
g:\github\dreamcastchao\dcchao\data\trumpettoy.h(17): warning C4838: conversion from 'int' to 'Uint32' requires a narrowing conversion
g:\github\dreamcastchao\dcchao\data\trumpettoy.h(39): warning C4838: conversion from 'unsigned int' to 'Sint16' requires a narrowing conversion
g:\github\dreamcastchao\dcchao\dreamcast.cpp(52): warning C4244: '=': conversion from 'float' to 'int', possible loss of data
  dreamcastchao.cpp
g:\github\dreamcastchao\dcchao\data\al_motion\alm_rappa_dc.h(12): warning C4838: conversion from 'int' to 'Sint16' requires a narrowing conversion
g:\github\dreamcastchao\dcchao\data\al_motion\alm_rappa_dc.h(12): warning C4309: 'initializing': truncation of constant value
g:\github\dreamcastchao\dcchao\data\al_motion\alm_rappa_dc.h(22): warning C4838: conversion from 'int' to 'Sint16' requires a narrowing conversion
g:\github\dreamcastchao\dcchao\data\al_motion\alm_rappa_dc.h(22): warning C4309: 'initializing': truncation of constant value
g:\github\dreamcastchao\dcchao\data\al_motion\alm_rappa_dc.h(32): warning C4838: conversion from 'int' to 'Sint16' requires a narrowing conversion
g:\github\dreamcastchao\dcchao\data\al_motion\alm_rappa_dc.h(32): warning C4309: 'initializing': truncation of constant value
g:\github\dreamcastchao\dcchao\data\al_motion\alm_rappa_dc.h(42): warning C4838: conversion from 'int' to 'Sint16' requires a narrowing conversion
g:\github\dreamcastchao\dcchao\data\al_motion\alm_rappa_dc.h(42): warning C4309: 'initializing': truncation of constant value
g:\github\dreamcastchao\dcchao\data\al_motion\alm_rappa_dc.h(52): warning C4838: conversion from 'int' to 'Sint16' requires a narrowing conversion
g:\github\dreamcastchao\dcchao\data\al_motion\alm_rappa_dc.h(52): warning C4309: 'initializing': truncation of constant value
g:\github\dreamcastchao\dcchao\data\al_motion\alm_rappa_dc.h(62): warning C4838: conversion from 'int' to 'Sint16' requires a narrowing conversion
g:\github\dreamcastchao\dcchao\data\al_motion\alm_rappa_dc.h(62): warning C4309: 'initializing': truncation of constant value
g:\github\dreamcastchao\dcchao\data\al_motion\alm_rappa_dc.h(82): warning C4838: conversion from 'int' to 'Sint16' requires a narrowing conversion
g:\github\dreamcastchao\dcchao\data\al_motion\alm_rappa_dc.h(82): warning C4309: 'initializing': truncation of constant value
g:\github\dreamcastchao\dcchao\al_race.h(42): warning C4359: 'TaskCommunication': Alignment specifier is less than actual alignment (4), and will be ignored.
g:\github\dreamcastchao\dcchao\dreamcastchao.cpp(24): warning C4101: 'v2': unreferenced local variable
g:\github\dreamcastchao\dcchao\dreamcastchao.cpp(100): warning C4244: '=': conversion from 'float' to 'int', possible loss of data
g:\github\dreamcastchao\dcchao\dreamcastchao.cpp(105): warning C4244: '=': conversion from 'double' to 'float', possible loss of data
g:\github\dreamcastchao\dcchao\dreamcastchao.cpp(115): warning C4244: '=': conversion from 'double' to 'float', possible loss of data
g:\github\dreamcastchao\dcchao\dreamcastchao.cpp(124): warning C4244: '=': conversion from 'float' to 'int', possible loss of data
g:\github\dreamcastchao\dcchao\dreamcastchao.cpp(129): warning C4244: '=': conversion from 'double' to 'float', possible loss of data
g:\github\dreamcastchao\dcchao\dreamcastchao.cpp(139): warning C4244: '=': conversion from 'double' to 'float', possible loss of data
g:\github\dreamcastchao\dcchao\dreamcastchao.cpp(72): warning C4101: 'v7': unreferenced local variable
g:\github\dreamcastchao\dcchao\dreamcastchao.cpp(68): warning C4101: 'v2': unreferenced local variable
g:\github\dreamcastchao\dcchao\dreamcastchao.cpp(76): warning C4101: 'v11': unreferenced local variable
g:\github\dreamcastchao\dcchao\dreamcastchao.cpp(81): warning C4101: 'v17': unreferenced local variable
g:\github\dreamcastchao\dcchao\dreamcastchao.cpp(80): warning C4101: 'v16': unreferenced local variable
g:\github\dreamcastchao\dcchao\dreamcastchao.cpp(73): warning C4101: 'v8': unreferenced local variable
g:\github\dreamcastchao\dcchao\dreamcastchao.cpp(79): warning C4101: 'v15': unreferenced local variable
g:\github\dreamcastchao\dcchao\dreamcastchao.cpp(77): warning C4101: 'v13': unreferenced local variable
g:\github\dreamcastchao\dcchao\dreamcastchao.cpp(78): warning C4101: 'v14': unreferenced local variable
g:\github\dreamcastchao\dcchao\dreamcastchao.cpp(437): warning C4101: 'v8': unreferenced local variable
g:\github\dreamcastchao\dcchao\dreamcastchao.cpp(434): warning C4101: 'v5': unreferenced local variable
g:\github\dreamcastchao\dcchao\dreamcastchao.cpp(709): warning C4244: '=': conversion from 'double' to 'float', possible loss of data
g:\github\dreamcastchao\dcchao\dreamcastchao.cpp(721): warning C4244: '=': conversion from 'double' to 'float', possible loss of data
  mod.cpp
     Creating library G:\GitHub\DreamcastChao\$bin\DCChao.lib and object G:\GitHub\DreamcastChao\$bin\DCChao.exp
  Generating code
  All 1690 functions were compiled because no usable IPDB/IOBJ from previous compilation was found.
  Finished generating code
  DCChao.vcxproj -> G:\GitHub\DreamcastChao\$bin\DCChao.dll
