g:\github\dreamcastchao\dcchao\debug\dcchao.pch
g:\github\dreamcastchao\dcchao\debug\vc141.pdb
g:\github\dreamcastchao\dcchao\debug\vc141.idb
g:\github\dreamcastchao\dcchao\debug\pch.obj
g:\github\dreamcastchao\dcchao\debug\mod.obj
g:\github\dreamcastchao\dcchao\debug\dreamcastchao.obj
g:\github\dreamcastchao\dcchao\debug\dreamcast.obj
g:\github\dreamcastchao\dcchao\debug\dllmain.obj
g:\github\dreamcastchao\dcchao\debug\al_shape_basic.obj
g:\github\dreamcastchao\dcchao\debug\al_race.obj
g:\github\dreamcastchao\bin\dcchao.lib
g:\github\dreamcastchao\bin\dcchao.exp
g:\github\dreamcastchao\bin\dcchao.ilk
g:\github\dreamcastchao\bin\dcchao.dll
g:\github\dreamcastchao\bin\dcchao.pdb
g:\github\dreamcastchao\dcchao\debug\dcchao.tlog\cl.command.1.tlog
g:\github\dreamcastchao\dcchao\debug\dcchao.tlog\cl.read.1.tlog
g:\github\dreamcastchao\dcchao\debug\dcchao.tlog\cl.write.1.tlog
g:\github\dreamcastchao\dcchao\debug\dcchao.tlog\dcchao.write.1u.tlog
g:\github\dreamcastchao\dcchao\debug\dcchao.tlog\link.command.1.tlog
g:\github\dreamcastchao\dcchao\debug\dcchao.tlog\link.read.1.tlog
g:\github\dreamcastchao\dcchao\debug\dcchao.tlog\link.write.1.tlog
